2025-12-04 15:14:07,149 - INFO - Triggering delta apply (trigger=manual, batch_id=20251204_151407)
2025-12-04 15:14:07,149 - INFO - Command: C:\Python313\python.exe src\wpr_agent\cli\delta_apply_influx.py --ingest-file manual_test.txt --sheet WP_Overall_Order_Report --batch-id 20251204_151407 --report automation\logs\delta_apply_report_20251204_151407.json --summary automation\logs\delta_apply_summary_20251204_151407.txt --online
2025-12-04 15:14:10,448 - WARNING - Delta apply stderr:
Traceback (most recent call last):
  File "C:\Users\bmalaraju\Documents\WP-OP Agent\JIRA-Agent\src\wpr_agent\cli\delta_apply_influx.py", line 44, in <module>
    from wpr_agent.router.tools.discovery import discover_fieldmap_tool  # type: ignore
    ^^^^^^^^^^^^^^^^^^^^^^^^^^^^^^^^^^^^^^^^^^^^^^^^^^^^^^^^^^^^^^^^^^^
  File "C:\Users\bmalaraju\Documents\WP-OP Agent\JIRA-Agent\src\wpr_agent\router\tools\discovery.py", line 12, in <module>
    from wpr_agent.mcp.config import is_enabled as mcp_enabled
ModuleNotFoundError: No module named 'wpr_agent.mcp'

2025-12-04 15:14:43,677 - INFO - Triggering delta apply (trigger=manual, batch_id=20251204_151443)
2025-12-04 15:14:43,677 - INFO - Command: C:\Python313\python.exe src\wpr_agent\cli\delta_apply_influx.py --ingest-file manual_test.txt --sheet WP_Overall_Order_Report --batch-id 20251204_151443 --report automation\logs\delta_apply_report_20251204_151443.json --summary automation\logs\delta_apply_summary_20251204_151443.txt --online
2025-12-04 15:14:45,303 - WARNING - Delta apply stderr:
Traceback (most recent call last):
  File "C:\Users\bmalaraju\Documents\WP-OP Agent\JIRA-Agent\src\wpr_agent\cli\delta_apply_influx.py", line 45, in <module>
    from wpr_agent.router.tools.compile_products import compile_product_bundle_tool  # type: ignore
    ^^^^^^^^^^^^^^^^^^^^^^^^^^^^^^^^^^^^^^^^^^^^^^^^^^^^^^^^^^^^^^^^^^^^^^^^^^^^^^^
  File "C:\Users\bmalaraju\Documents\WP-OP Agent\JIRA-Agent\src\wpr_agent\router\tools\compile_products.py", line 16, in <module>
    from wpr_agent.tools.excel_tools import epic_description_adf, story_description_adf
ModuleNotFoundError: No module named 'wpr_agent.tools'

2025-12-04 15:16:01,385 - INFO - Triggering delta apply (trigger=manual, batch_id=20251204_151601)
2025-12-04 15:16:01,385 - INFO - Command: C:\Python313\python.exe src\wpr_agent\cli\delta_apply_influx.py --ingest-file manual_test.txt --sheet WP_Overall_Order_Report --batch-id 20251204_151601 --report automation\logs\delta_apply_report_20251204_151601.json --summary automation\logs\delta_apply_summary_20251204_151601.txt --online
2025-12-04 15:16:02,540 - WARNING - Delta apply stderr:
Traceback (most recent call last):
  File "C:\Users\bmalaraju\Documents\WP-OP Agent\JIRA-Agent\src\wpr_agent\cli\delta_apply_influx.py", line 46, in <module>
    from wpr_agent.router.tools.validate import validate_bundle_tool, decide_apply_tool  # type: ignore
    ^^^^^^^^^^^^^^^^^^^^^^^^^^^^^^^^^^^^^^^^^^^^^^^^^^^^^^^^^^^^^^^^^^^^^^^^^^^^^^^^^^^
  File "C:\Users\bmalaraju\Documents\WP-OP Agent\JIRA-Agent\src\wpr_agent\router\tools\validate.py", line 17, in <module>
    from wpr_agent.validator.plan_validate import validate_bundle
ModuleNotFoundError: No module named 'wpr_agent.validator'

2025-12-04 15:18:25,317 - INFO - Triggering delta apply (trigger=manual, batch_id=20251204_151825)
2025-12-04 15:18:25,318 - INFO - Command: C:\Python313\python.exe src\wpr_agent\cli\delta_apply_influx.py --ingest-file manual_test.txt --sheet WP_Overall_Order_Report --batch-id 20251204_151825 --report automation\logs\delta_apply_report_20251204_151825.json --summary automation\logs\delta_apply_summary_20251204_151825.txt --online
2025-12-04 15:18:26,583 - WARNING - Delta apply stderr:
Traceback (most recent call last):
  File "C:\Users\bmalaraju\Documents\WP-OP Agent\JIRA-Agent\src\wpr_agent\cli\delta_apply_influx.py", line 46, in <module>
    from wpr_agent.router.tools.validate import validate_bundle_tool, decide_apply_tool  # type: ignore
    ^^^^^^^^^^^^^^^^^^^^^^^^^^^^^^^^^^^^^^^^^^^^^^^^^^^^^^^^^^^^^^^^^^^^^^^^^^^^^^^^^^^
  File "C:\Users\bmalaraju\Documents\WP-OP Agent\JIRA-Agent\src\wpr_agent\router\tools\validate.py", line 16, in <module>
    from wpr_agent.models import TrackerFieldMap, PlanBundle, ValidationReport, ProductValidationResult, StoryValidationResult
ImportError: cannot import name 'ProductValidationResult' from 'wpr_agent.models' (C:\Users\bmalaraju\Documents\WP-OP Agent\JIRA-Agent\src\wpr_agent\models.py)

2025-12-04 15:19:02,509 - INFO - Triggering delta apply (trigger=manual, batch_id=20251204_151902)
2025-12-04 15:19:02,509 - INFO - Command: C:\Python313\python.exe src\wpr_agent\cli\delta_apply_influx.py --ingest-file manual_test.txt --sheet WP_Overall_Order_Report --batch-id 20251204_151902 --report automation\logs\delta_apply_report_20251204_151902.json --summary automation\logs\delta_apply_summary_20251204_151902.txt --online
2025-12-04 15:19:06,001 - INFO - Delta apply output:
Ingesting file: manual_test.txt (Sheet: WP_Overall_Order_Report)
Error during ingestion: No module named 'wpr_agent.tools'

2025-12-04 15:20:40,266 - INFO - Triggering delta apply (trigger=manual, batch_id=20251204_152040)
2025-12-04 15:20:40,267 - INFO - Command: C:\Python313\python.exe src\wpr_agent\cli\delta_apply_influx.py --ingest-file manual_test.txt --sheet WP_Overall_Order_Report --batch-id 20251204_152040 --report automation\logs\delta_apply_report_20251204_152040.json --summary automation\logs\delta_apply_summary_20251204_152040.txt --online
2025-12-04 15:20:41,900 - INFO - Delta apply output:
Ingesting file: manual_test.txt (Sheet: WP_Overall_Order_Report)
Error during ingestion: No module named 'wpr_agent.tools'

2025-12-04 15:21:04,156 - INFO - Triggering delta apply (trigger=manual, batch_id=20251204_152104)
2025-12-04 15:21:04,157 - INFO - Command: C:\Python313\python.exe src\wpr_agent\cli\delta_apply_influx.py --ingest-file manual_test.txt --sheet WP_Overall_Order_Report --batch-id 20251204_152104 --report automation\logs\delta_apply_report_20251204_152104.json --summary automation\logs\delta_apply_summary_20251204_152104.txt --online
2025-12-04 15:21:05,711 - INFO - Delta apply output:
Ingesting file: manual_test.txt (Sheet: WP_Overall_Order_Report)
Error during ingestion: No module named 'wpr_agent.tools'

2025-12-04 15:21:53,716 - INFO - Triggering delta apply (trigger=manual, batch_id=20251204_152153)
2025-12-04 15:21:53,717 - INFO - Command: C:\Python313\python.exe src\wpr_agent\cli\delta_apply_influx.py --ingest-file manual_test.xlsx --sheet WP_Overall_Order_Report --batch-id 20251204_152153 --report automation\logs\delta_apply_report_20251204_152153.json --summary automation\logs\delta_apply_summary_20251204_152153.txt --online
2025-12-04 15:21:55,187 - INFO - Delta apply output:
Ingesting file: manual_test.xlsx (Sheet: WP_Overall_Order_Report)
Error during ingestion: No module named 'wpr_agent.tools'

2025-12-04 15:26:57,398 - INFO - Triggering delta apply (trigger=manual, batch_id=20251204_152657)
2025-12-04 15:26:57,398 - INFO - Command: C:\Python313\python.exe src\wpr_agent\cli\delta_apply_influx.py --ingest-file manual_test.xlsx --sheet WP_Overall_Order_Report --batch-id 20251204_152657 --report automation\logs\delta_apply_report_20251204_152657.json --summary automation\logs\delta_apply_summary_20251204_152657.txt --online
2025-12-04 15:26:59,064 - INFO - Delta apply output:
Ingesting file: manual_test.xlsx (Sheet: WP_Overall_Order_Report)
Error during ingestion: No module named 'wpr_agent.tools'

2025-12-04 15:28:19,445 - INFO - Triggering delta apply (trigger=manual, batch_id=20251204_152819)
2025-12-04 15:28:19,446 - INFO - Command: C:\Python313\python.exe src\wpr_agent\cli\delta_apply_influx.py --ingest-file manual_test.xlsx --sheet WP_Overall_Order_Report --batch-id 20251204_152819 --report automation\logs\delta_apply_report_20251204_152819.json --summary automation\logs\delta_apply_summary_20251204_152819.txt --online
2025-12-04 15:28:39,416 - INFO - Delta apply output:
Ingesting file: manual_test.xlsx (Sheet: WP_Overall_Order_Report)
verify: wpr_input rows for batch_id=20251204_152819: 1
Ingestion complete for batch_id: 20251204_152819
product_registry_load: entries=0 path=C:\Users\bmalaraju\Documents\WP-OP Agent\JIRA-Agent\src\wpr_agent\config\product_project_registry.json missing=True
DEBUG: Loaded DF with 1 rows.
DEBUG: DF columns: ['Acknowledged Date', 'Acknowledgement Date', 'Added Date', 'Additional Instruction', 'Approved/Rejected Reason', 'Approved Date', 'Cancelled Date', 'Customer Region PM', 'Employee Name', 'In-Time Delivery', 'Market', 'PO EndDate', 'PO Number', 'PO StartDate', 'SOW/PA', 'STD', 'Submitted Date', 'Survey First Right', 'Survey Satisfaction Mark', 'Survey Suggestion', 'Total Approved Quantity', 'Updated Date', 'WP Completed Qty', 'WP Final Quantity', 'WP ID', 'WP Name', 'WP Order Status', 'WP Quantity', 'WP Readiness Date', 'WP Requested Delivery Date', 'batch_id', 'bp_id', 'customer', 'domain', 'file_hash', 'order_id', 'product', 'project_name', 'source_filename', 'time', 'Product', 'WP Order ID', 'BP ID', 'Project Name', 'Domain', 'Customer']
DEBUG: DF head:
  Acknowledged Date Acknowledgement Date  Added Date Additional Instruction Approved/Rejected Reason Approved Date Cancelled Date Customer Region PM Employee Name In-Time Delivery Market  PO EndDate PO Number PO StartDate SOW/PA STD Submitted Date Survey First Right Survey Satisfaction Mark Survey Suggestion Total Approved Quantity Updated Date WP Completed Qty WP Final Quantity   WP ID  WP Name WP Order Status WP Quantity WP Readiness Date WP Requested Delivery Date         batch_id   bp_id       customer       domain                                                         file_hash order_id      product  project_name   source_filename                          time      Product WP Order ID   BP ID  Project Name       Domain       Customer
0        2025-01-01                       2025-01-01                                                    2025-01-01                                       Test User                          2025-12-31             2025-01-01         10     2025-01-01                                                                                         2025-01-01                                     WP-001  Test WP        Approved           1        2025-01-02                 2025-01-01  20251204_152819  BP-001  Test Customer  Test Domain  be5bd726c225f34bdfba6aaa1fe010941d40b2cca680a31f3e8a13ea2cbcbdf6  ORD-001  TestProduct  Test Project  manual_test.xlsx 2025-12-04 21:28:23.123770255  TestProduct     ORD-001  BP-001  Test Project  Test Domain  Test Customer
DEBUG: Failing order WPO00187674 NOT found in DF!
{
  "run_id": "20251204T212825Z",
  "mode": {
    "online": true,
    "dry_run": false
  },
  "domains": [
    {
      "domain": "TestProduct",
      "project_key": null,
      "order_count": 1,
      "changed": 0,
      "created_epics": [],
      "created_stories": [],
      "updated": [],
      "warnings": [
        "No project mapping for product 'TestProduct'"
      ],
      "failures": []
    }
  ],
  "totals": {
    "orders": 0,
    "orders_changed": 0,
    "created": 0,
    "updated": 0,
    "warnings": 1,
    "failures": 0,
    "retries": 0,
    "dropped_assignees": 0
  },
  "ended_at": "2025-12-04T21:28:25.960376+00:00"
}

2025-12-04 15:28:39,417 - WARNING - Delta apply stderr:
Giving up execute_task_with_backoff(...) after 3 tries (httpx.ConnectError: [WinError 10061] No connection could be made because the target machine actively refused it)
error uploading: [WinError 10061] No connection could be made because the target machine actively refused it
Traceback (most recent call last):
  File "C:\Users\bmalaraju\AppData\Roaming\Python\Python313\site-packages\httpx\_transports\default.py", line 101, in map_httpcore_exceptions
    yield
  File "C:\Users\bmalaraju\AppData\Roaming\Python\Python313\site-packages\httpx\_transports\default.py", line 250, in handle_request
    resp = self._pool.handle_request(req)
  File "C:\Users\bmalaraju\AppData\Roaming\Python\Python313\site-packages\httpcore\_sync\connection_pool.py", line 256, in handle_request
    raise exc from None
  File "C:\Users\bmalaraju\AppData\Roaming\Python\Python313\site-packages\httpcore\_sync\connection_pool.py", line 236, in handle_request
    response = connection.handle_request(
        pool_request.request
    )
  File "C:\Users\bmalaraju\AppData\Roaming\Python\Python313\site-packages\httpcore\_sync\connection.py", line 101, in handle_request
    raise exc
  File "C:\Users\bmalaraju\AppData\Roaming\Python\Python313\site-packages\httpcore\_sync\connection.py", line 78, in handle_request
    stream = self._connect(request)
  File "C:\Users\bmalaraju\AppData\Roaming\Python\Python313\site-packages\httpcore\_sync\connection.py", line 124, in _connect
    stream = self._network_backend.connect_tcp(**kwargs)
  File "C:\Users\bmalaraju\AppData\Roaming\Python\Python313\site-packages\httpcore\_backends\sync.py", line 207, in connect_tcp
    with map_exceptions(exc_map):
         ~~~~~~~~~~~~~~^^^^^^^^^
  File "C:\Python313\Lib\contextlib.py", line 162, in __exit__
    self.gen.throw(value)
    ~~~~~~~~~~~~~~^^^^^^^
  File "C:\Users\bmalaraju\AppData\Roaming\Python\Python313\site-packages\httpcore\_exceptions.py", line 14, in map_exceptions
    raise to_exc(exc) from exc
httpcore.ConnectError: [WinError 10061] No connection could be made because the target machine actively refused it

The above exception was the direct cause of the following exception:

Traceback (most recent call last):
  File "C:\Users\bmalaraju\AppData\Roaming\Python\Python313\site-packages\langfuse\task_manager.py", line 160, in upload
    self._upload_batch(batch)
    ~~~~~~~~~~~~~~~~~~^^^^^^^
  File "C:\Users\bmalaraju\AppData\Roaming\Python\Python313\site-packages\langfuse\task_manager.py", line 187, in _upload_batch
    execute_task_with_backoff(batch)
    ~~~~~~~~~~~~~~~~~~~~~~~~~^^^^^^^
  File "C:\Users\bmalaraju\AppData\Roaming\Python\Python313\site-packages\backoff\_sync.py", line 105, in retry
    ret = target(*args, **kwargs)
  File "C:\Users\bmalaraju\AppData\Roaming\Python\Python313\site-packages\langfuse\task_manager.py", line 185, in execute_task_with_backoff
    return self._client.batch_post(batch=batch, metadata=metadata)
           ~~~~~~~~~~~~~~~~~~~~~~~^^^^^^^^^^^^^^^^^^^^^^^^^^^^^^^^
  File "C:\Users\bmalaraju\AppData\Roaming\Python\Python313\site-packages\langfuse\request.py", line 55, in batch_post
    res = self.post(**kwargs)
  File "C:\Users\bmalaraju\AppData\Roaming\Python\Python313\site-packages\langfuse\request.py", line 67, in post
    res = self._session.post(
        url, content=data, headers=headers, timeout=self._timeout
    )
  File "C:\Users\bmalaraju\AppData\Roaming\Python\Python313\site-packages\httpx\_client.py", line 1144, in post
    return self.request(
           ~~~~~~~~~~~~^
        "POST",
        ^^^^^^^
    ...<11 lines>...
        extensions=extensions,
        ^^^^^^^^^^^^^^^^^^^^^^
    )
    ^
  File "C:\Users\bmalaraju\AppData\Roaming\Python\Python313\site-packages\httpx\_client.py", line 825, in request
    return self.send(request, auth=auth, follow_redirects=follow_redirects)
           ~~~~~~~~~^^^^^^^^^^^^^^^^^^^^^^^^^^^^^^^^^^^^^^^^^^^^^^^^^^^^^^^
  File "C:\Users\bmalaraju\AppData\Roaming\Python\Python313\site-packages\httpx\_client.py", line 914, in send
    response = self._send_handling_auth(
        request,
    ...<2 lines>...
        history=[],
    )
  File "C:\Users\bmalaraju\AppData\Roaming\Python\Python313\site-packages\httpx\_client.py", line 942, in _send_handling_auth
    response = self._send_handling_redirects(
        request,
        follow_redirects=follow_redirects,
        history=history,
    )
  File "C:\Users\bmalaraju\AppData\Roaming\Python\Python313\site-packages\httpx\_client.py", line 979, in _send_handling_redirects
    response = self._send_single_request(request)
  File "C:\Users\bmalaraju\AppData\Roaming\Python\Python313\site-packages\httpx\_client.py", line 1014, in _send_single_request
    response = transport.handle_request(request)
  File "C:\Users\bmalaraju\AppData\Roaming\Python\Python313\site-packages\httpx\_transports\default.py", line 249, in handle_request
    with map_httpcore_exceptions():
         ~~~~~~~~~~~~~~~~~~~~~~~^^
  File "C:\Python313\Lib\contextlib.py", line 162, in __exit__
    self.gen.throw(value)
    ~~~~~~~~~~~~~~^^^^^^^
  File "C:\Users\bmalaraju\AppData\Roaming\Python\Python313\site-packages\httpx\_transports\default.py", line 118, in map_httpcore_exceptions
    raise mapped_exc(message) from exc
httpx.ConnectError: [WinError 10061] No connection could be made because the target machine actively refused it

2025-12-04 15:29:29,496 - INFO - Triggering delta apply (trigger=manual, batch_id=20251204_152929)
2025-12-04 15:29:29,497 - INFO - Command: C:\Python313\python.exe src\wpr_agent\cli\delta_apply_influx.py --ingest-file automation\test_trigger.xlsx --sheet WP_Overall_Order_Report --batch-id 20251204_152929 --report automation\logs\delta_apply_report_20251204_152929.json --summary automation\logs\delta_apply_summary_20251204_152929.txt --online
2025-12-04 15:29:35,623 - INFO - Delta apply output:
Ingesting file: automation\test_trigger.xlsx (Sheet: WP_Overall_Order_Report)
verify: wpr_input rows for batch_id=20251204_152929: 5
Ingestion complete for batch_id: 20251204_152929
product_registry_load: entries=0 path=C:\Users\bmalaraju\Documents\WP-OP Agent\JIRA-Agent\src\wpr_agent\config\product_project_registry.json missing=True
DEBUG: Loaded DF with 5 rows.
DEBUG: DF columns: ['Acknowledged Date', 'Acknowledgement Date', 'Added Date', 'Additional Instruction', 'Approved/Rejected Reason', 'Approved Date', 'Approver Name', 'Cancelled Date', 'Country', 'Customer Region PM', 'Delegated For LM ID', 'Delegated For LM Name', 'Employee Name', 'Employee Nokia ID', 'GIC Number', 'GIC Task Description', 'In-Time Delivery', 'LM Approval Status', 'Market', 'Market.1', 'Organisation', 'PMAT ID', 'PO Amount', 'PO Balance Amount', 'PO Cost Center', 'PO Currency', 'PO EndDate', 'PO Number', 'PO Remaining Balance Amount', 'PO StartDate', 'SOW/PA', 'SPOC Note', 'STD', 'SVO', 'Submitted Date', 'Supplier ', 'Supplier SPOC Name', 'Supplier SPOC Nokia ID', 'Survey First Right', 'Survey Satisfaction Mark', 'Survey Suggestion', 'Total Approved Quantity', 'Updated Date', 'WBS', 'WP Completed Amount', 'WP Completed Qty', 'WP Final Quantity', 'WP ID', 'WP Name', 'WP Order Status', 'WP Quantity', 'WP Readiness Date', 'WP Requested Delivery Date', 'WP Total Amount', 'WP Unit Price', 'batch_id', 'bp_id', 'customer', 'domain', 'file_hash', 'order_id', 'product', 'project_name', 'source_filename', 'time', 'Product', 'WP Order ID', 'BP ID', 'Project Name', 'Domain', 'Customer']
DEBUG: DF head:
  Acknowledged Date Acknowledgement Date           Added Date                                                     Additional Instruction Approved/Rejected Reason Approved Date Approver Name Cancelled Date     Country           Customer Region PM Delegated For LM ID Delegated For LM Name       Employee Name Employee Nokia ID GIC Number                GIC Task Description In-Time Delivery       LM Approval Status Market Market.1 Organisation    PMAT ID    PO Amount PO Balance Amount PO Cost Center PO Currency  PO EndDate        PO Number PO Remaining Balance Amount PO StartDate  SOW/PA SPOC Note STD        SVO Submitted Date Supplier  Supplier SPOC Name Supplier SPOC Nokia ID Survey First Right Survey Satisfaction Mark Survey Suggestion Total Approved Quantity         Updated Date          WBS WP Completed Amount WP Completed Qty WP Final Quantity     WP ID                                            WP Name          WP Order Status WP Quantity WP Readiness Date WP Requested Delivery Date WP Total Amount WP Unit Price         batch_id  bp_id                                                         customer       domain                                                         file_hash     order_id   product                             project_name    source_filename                          time   Product  WP Order ID  BP ID                             Project Name       Domain                                                         Customer
0                                         2025-11-24 14:35:44               Voximus evolution WP 3 SDL - SDL - SE - ravi.3.kumar.ext.P12                                                                         Belgium        jozef.goris@nokia.com                                                Dhiraj Dhingra          69025511       9288           CNS - CS SDM Serv (G9288)                   Pending Acknowledgement  India      EUR          SSP             289279482.0         278071863        5729982         INR  2025-12-31  91242731_Q42025                  11207619.0   2025-10-01  173863             5  406522653                 Infinite                                                                                                                               0  2025-11-24 14:35:44  G-099517PD1                   0                0                 2  CO.SS.24  Vertical Integration (Preparation + Installation)  Pending Acknowledgement           2                                   2025-12-30           63940         31970  20251204_152929  20520                                                 Proximus SA / NV          SSP  b952a6f5ab2a0dba0327d845d599a62834070ad3b1f7f33ffe0de9be7eed0db1  WPO00187723       SDL               BNLX PxS Voximus evolution  test_trigger.xlsx 2025-12-04 21:29:32.401006941       SDL  WPO00187723  20520               BNLX PxS Voximus evolution          SSP                                                 Proximus SA / NV
1                                         2025-11-24 16:59:05                                                       P11 WP for Narayanan                                                                      Montenegro       gordan.orlic@nokia.com                                            Melvin Devadasan B          69040267       9290  CNS - CS IMS & Sig CS Serv (G9290)                   Pending Acknowledgement  India      EUR  Core Domain  MB1001559  253366675.3         227050940        5729985         INR  2025-12-31  91242729_Q42025                  26315735.3   2025-10-01  173863             1  405957850                 Infinite                                                                                                                               0  2025-11-24 16:59:05  G-062201PD2                   0                0                 5  CO.IP.65                                    Software Update  Pending Acknowledgement           5                                   2025-11-29           31970          6394  20251204_152929   3558                                          CRNOGORSKI TELEKOM A.D.        IPTel  b952a6f5ab2a0dba0327d845d599a62834070ad3b1f7f33ffe0de9be7eed0db1  WPO00187728  Open MSS  OneVoice - Cmogorski Telekom (CT)_IPTel  test_trigger.xlsx 2025-12-04 21:29:32.401006941  Open MSS  WPO00187728   3558  OneVoice - Cmogorski Telekom (CT)_IPTel        IPTel                                          CRNOGORSKI TELEKOM A.D.
2                                         2025-11-24 16:36:47                                              P11 WP for Sateesh Kancharana                                                                         HUNGARY       nenad.jevtic@nokia.com                                            Melvin Devadasan B          69040267       9290  CNS - CS IMS & Sig CS Serv (G9290)                   Pending Acknowledgement  India      EUR  Core Domain  MB1004446  253366675.3         227050940        5729985         INR  2025-12-31  91242729_Q42025                  26315735.3   2025-10-01  173863             1  406299223                 Infinite                                                                                                                               0  2025-11-24 16:36:47  G-639209PZ1                   0                0                 7  CO.IP.65                                    Software Update  Pending Acknowledgement           7                                   2025-11-29           44758          6394  20251204_152929   6718  DEUTSCHE TELEKOM PAN-NET HUNGARY KORLATOLT FELELOSSEGU TARSASAG        IPTel  b952a6f5ab2a0dba0327d845d599a62834070ad3b1f7f33ffe0de9be7eed0db1  WPO00187726  Open MSS         TDI Cloud Verification Lab_IPTel  test_trigger.xlsx 2025-12-04 21:29:32.401006941  Open MSS  WPO00187726   6718         TDI Cloud Verification Lab_IPTel        IPTel  DEUTSCHE TELEKOM PAN-NET HUNGARY KORLATOLT FELELOSSEGU TARSASAG
3                                         2025-11-24 16:41:58                                              P12 WP for Sateesh Kancharana                                                                         HUNGARY       nenad.jevtic@nokia.com                                            Melvin Devadasan B          69040267       9290  CNS - CS IMS & Sig CS Serv (G9290)                   Pending Acknowledgement  India      EUR  Core Domain  MB1004446  253366675.3         227050940        5729985         INR  2025-12-31  91242729_Q42025                  26315735.3   2025-10-01  173863             1  406299223                 Infinite                                                                                                                               0  2025-11-24 16:41:58  G-639209PZ1                   0                0                 2  CO.IP.65                                    Software Update  Pending Acknowledgement           2                                   2025-12-30           12788          6394  20251204_152929   6718  DEUTSCHE TELEKOM PAN-NET HUNGARY KORLATOLT FELELOSSEGU TARSASAG        IPTel  b952a6f5ab2a0dba0327d845d599a62834070ad3b1f7f33ffe0de9be7eed0db1  WPO00187727  Open MSS         TDI Cloud Verification Lab_IPTel  test_trigger.xlsx 2025-12-04 21:29:32.401006941  Open MSS  WPO00187727   6718         TDI Cloud Verification Lab_IPTel        IPTel  DEUTSCHE TELEKOM PAN-NET HUNGARY KORLATOLT FELELOSSEGU TARSASAG
4                                         2025-11-24 15:24:55  8329-Suraj Sharma-Bharti Airtel-2d-CBAM-NCOM intrgrations post deployment                                                                           INDIA  parmanand.2.yadav@nokia.com                                                   Sonal Sonal          62253325       2091      CORE Management(CBAM,NCD,NCOM)                   Pending Acknowledgement  India     APAC  Cloud Infra              77976428.5          56068986        5729981         INR  2025-12-31  91241692_Q42025                  21907442.5   2025-10-01  173863             1  405511331                 Infinite                                                                                                                               0  2025-11-24 15:24:55  G-220008PD2                   0                0                 2  CO.CL.20                    CBAM Deployment Integrations WP  Pending Acknowledgement           2                                   2025-11-29           12788          6394  20251204_152929   8329                                                BHARTI AIRTEL LTD  Cloud Infra  b952a6f5ab2a0dba0327d845d599a62834070ad3b1f7f33ffe0de9be7eed0db1  WPO00187724      CBAM                   8329-BHARTI AIRTEL LTD  test_trigger.xlsx 2025-12-04 21:29:32.401006941      CBAM  WPO00187724   8329                   8329-BHARTI AIRTEL LTD  Cloud Infra                                                BHARTI AIRTEL LTD
DEBUG: Failing order WPO00187674 NOT found in DF!
{
  "run_id": "20251204T212934Z",
  "mode": {
    "online": true,
    "dry_run": false
  },
  "domains": [
    {
      "domain": "CBAM",
      "project_key": null,
      "order_count": 1,
      "changed": 0,
      "created_epics": [],
      "created_stories": [],
      "updated": [],
      "warnings": [
        "No project mapping for product 'CBAM'"
      ],
      "failures": []
    },
    {
      "domain": "Open MSS",
      "project_key": null,
      "order_count": 3,
      "changed": 0,
      "created_epics": [],
      "created_stories": [],
      "updated": [],
      "warnings": [
        "No project mapping for product 'Open MSS'"
      ],
      "failures": []
    },
    {
      "domain": "SDL",
      "project_key": null,
      "order_count": 1,
      "changed": 0,
      "created_epics": [],
      "created_stories": [],
      "updated": [],
      "warnings": [
        "No project mapping for product 'SDL'"
      ],
      "failures": []
    }
  ],
  "totals": {
    "orders": 0,
    "orders_changed": 0,
    "created": 0,
    "updated": 0,
    "warnings": 3,
    "failures": 0,
    "retries": 0,
    "dropped_assignees": 0
  },
  "ended_at": "2025-12-04T21:29:34.945040+00:00"
}

